<?xml version="1.0" encoding="UTF-8"?>
<testng-results skipped="1" failed="0" total="1" passed="0">
  <reporter-output>
  </reporter-output>
  <suite name="com.twou.test.integrationtests.GoogleSearchTest" duration-ms="979" started-at="2013-01-03T11:02:09Z" finished-at="2013-01-03T11:02:10Z">
    <groups>
    </groups>
    <test name="Command line test" duration-ms="979" started-at="2013-01-03T11:02:09Z" finished-at="2013-01-03T11:02:10Z">
      <class name="com.twou.test.integrationtests.GoogleSearchTest">
        <test-method status="FAIL" signature="startDriver(java.lang.String)[pri:0, instance:com.twou.test.integrationtests.GoogleSearchTest@1531aca]" name="startDriver" is-config="true" duration-ms="0" started-at="2013-01-03T16:32:10Z" finished-at="2013-01-03T16:32:10Z">
          <exception class="org.testng.TestNGException">
            <message>
              <![CDATA[
Parameter 'appURL' is required by @Configuration on method startDriver but has not been marked @Optional or defined
]]>
            </message>
            <full-stacktrace>
              <![CDATA[org.testng.TestNGException: 
Parameter 'appURL' is required by @Configuration on method startDriver but has not been marked @Optional or defined

	at org.testng.internal.Parameters.createParameters(Parameters.java:155)
	at org.testng.internal.Parameters.createParameters(Parameters.java:355)
	at org.testng.internal.Parameters.createConfigurationParameters(Parameters.java:86)
	at org.testng.internal.Invoker.invokeConfigurations(Invoker.java:199)
	at org.testng.internal.Invoker.invokeMethod(Invoker.java:653)
	at org.testng.internal.Invoker.invokeTestMethod(Invoker.java:901)
	at org.testng.internal.Invoker.invokeTestMethods(Invoker.java:1231)
	at org.testng.internal.TestMethodWorker.invokeTestMethods(TestMethodWorker.java:127)
	at org.testng.internal.TestMethodWorker.run(TestMethodWorker.java:111)
	at org.testng.TestRunner.privateRun(TestRunner.java:767)
	at org.testng.TestRunner.run(TestRunner.java:617)
	at org.testng.SuiteRunner.runTest(SuiteRunner.java:334)
	at org.testng.SuiteRunner.runSequentially(SuiteRunner.java:329)
	at org.testng.SuiteRunner.privateRun(SuiteRunner.java:291)
	at org.testng.SuiteRunner.run(SuiteRunner.java:240)
	at org.testng.SuiteRunnerWorker.runSuite(SuiteRunnerWorker.java:52)
	at org.testng.SuiteRunnerWorker.run(SuiteRunnerWorker.java:86)
	at org.testng.TestNG.runSuitesSequentially(TestNG.java:1198)
	at org.testng.TestNG.runSuitesLocally(TestNG.java:1123)
	at org.testng.TestNG.run(TestNG.java:1031)
	at org.apache.maven.surefire.testng.TestNGExecutor.run(TestNGExecutor.java:70)
	at org.apache.maven.surefire.testng.TestNGDirectoryTestSuite.execute(TestNGDirectoryTestSuite.java:109)
	at org.apache.maven.surefire.testng.TestNGProvider.invoke(TestNGProvider.java:111)
	at sun.reflect.NativeMethodAccessorImpl.invoke0(Native Method)
	at sun.reflect.NativeMethodAccessorImpl.invoke(NativeMethodAccessorImpl.java:57)
	at sun.reflect.DelegatingMethodAccessorImpl.invoke(DelegatingMethodAccessorImpl.java:43)
	at java.lang.reflect.Method.invoke(Method.java:601)
	at org.apache.maven.surefire.util.ReflectionUtils.invokeMethodWithArray(ReflectionUtils.java:164)
	at org.apache.maven.surefire.booter.ProviderFactory$ProviderProxy.invoke(ProviderFactory.java:110)
	at org.apache.maven.surefire.booter.SurefireStarter.invokeProvider(SurefireStarter.java:175)
	at org.apache.maven.surefire.booter.SurefireStarter.runSuitesInProcessWhenForked(SurefireStarter.java:107)
	at org.apache.maven.surefire.booter.ForkedBooter.main(ForkedBooter.java:68)
]]>
            </full-stacktrace>
          </exception> <!-- org.testng.TestNGException -->
          <reporter-output>
          </reporter-output>
        </test-method> <!-- startDriver -->
        <test-method status="SKIP" signature="testGoogleSearch()[pri:0, instance:com.twou.test.integrationtests.GoogleSearchTest@1531aca]" name="testGoogleSearch" duration-ms="177" started-at="2013-01-03T16:32:10Z" finished-at="2013-01-03T16:32:10Z">
          <reporter-output>
          </reporter-output>
        </test-method> <!-- testGoogleSearch -->
        <test-method status="SKIP" signature="closeDriver()[pri:0, instance:com.twou.test.integrationtests.GoogleSearchTest@1531aca]" name="closeDriver" is-config="true" duration-ms="0" started-at="2013-01-03T16:32:10Z" finished-at="2013-01-03T16:32:10Z">
          <reporter-output>
          </reporter-output>
        </test-method> <!-- closeDriver -->
      </class> <!-- com.twou.test.integrationtests.GoogleSearchTest -->
    </test> <!-- Command line test -->
  </suite> <!-- com.twou.test.integrationtests.GoogleSearchTest -->
</testng-results>
